2023-02-10 09:06:58.587 [main] INFO  o.s.c.a.AnnotationConfigApplicationContext - Refreshing org.springframework.context.annotation.AnnotationConfigApplicationContext@3e84448c: startup date [Fri Feb 10 09:06:58 CST 2023]; root of context hierarchy
2023-02-10 09:06:58.957 [main] INFO  o.s.b.f.a.AutowiredAnnotationBeanPostProcessor - JSR-330 'javax.inject.Inject' annotation found and supported for autowiring
2023-02-10 09:06:59.047 [main] INFO  o.s.c.s.PostProcessorRegistrationDelegate$BeanPostProcessorChecker - Bean 'configurationPropertiesRebinderAutoConfiguration' of type [org.springframework.cloud.autoconfigure.ConfigurationPropertiesRebinderAutoConfiguration$$EnhancerBySpringCGLIB$$ffebbd8a] is not eligible for getting processed by all BeanPostProcessors (for example: not eligible for auto-proxying)
2023-02-10 09:07:00.007 [main] INFO  o.s.c.a.nacos.client.NacosPropertySourceBuilder - Loading nacos data, dataId: 'nlp-rest.yaml', group: 'DEFAULT_GROUP'
2023-02-10 09:07:00.027 [main] INFO  o.s.c.b.c.PropertySourceBootstrapConfiguration - Located property source: CompositePropertySource {name='NACOS', propertySources=[NacosPropertySource {name='nlp-rest.yaml'}]}
2023-02-10 09:07:00.137 [main] INFO  org.zxiat.nlprest.NLPRestApplication - No active profile set, falling back to default profiles: default
2023-02-10 09:07:00.157 [main] INFO  o.s.b.w.s.c.AnnotationConfigServletWebServerApplicationContext - Refreshing org.springframework.boot.web.servlet.context.AnnotationConfigServletWebServerApplicationContext@797cf65c: startup date [Fri Feb 10 09:07:00 CST 2023]; parent: org.springframework.context.annotation.AnnotationConfigApplicationContext@3e84448c
2023-02-10 09:07:00.988 [main] INFO  o.springframework.cloud.context.scope.GenericScope - BeanFactory id=ca88aed7-6330-370e-9c1f-296133ce3940
2023-02-10 09:07:01.018 [main] INFO  o.s.b.f.a.AutowiredAnnotationBeanPostProcessor - JSR-330 'javax.inject.Inject' annotation found and supported for autowiring
2023-02-10 09:07:01.148 [main] INFO  o.s.c.s.PostProcessorRegistrationDelegate$BeanPostProcessorChecker - Bean 'org.springframework.boot.context.properties.ConversionServiceDeducer$Factory' of type [org.springframework.boot.context.properties.ConversionServiceDeducer$Factory] is not eligible for getting processed by all BeanPostProcessors (for example: not eligible for auto-proxying)
2023-02-10 09:07:01.338 [main] INFO  o.s.c.s.PostProcessorRegistrationDelegate$BeanPostProcessorChecker - Bean 'spring.cloud.sentinel-org.springframework.cloud.alibaba.sentinel.SentinelProperties' of type [org.springframework.cloud.alibaba.sentinel.SentinelProperties] is not eligible for getting processed by all BeanPostProcessors (for example: not eligible for auto-proxying)
2023-02-10 09:07:01.500 [main] INFO  o.s.c.s.PostProcessorRegistrationDelegate$BeanPostProcessorChecker - Bean 'org.springframework.cloud.alibaba.sentinel.custom.SentinelAutoConfiguration' of type [org.springframework.cloud.alibaba.sentinel.custom.SentinelAutoConfiguration$$EnhancerBySpringCGLIB$$a13c86b0] is not eligible for getting processed by all BeanPostProcessors (for example: not eligible for auto-proxying)
2023-02-10 09:07:01.510 [main] INFO  o.s.c.s.PostProcessorRegistrationDelegate$BeanPostProcessorChecker - Bean 'org.springframework.cloud.autoconfigure.ConfigurationPropertiesRebinderAutoConfiguration' of type [org.springframework.cloud.autoconfigure.ConfigurationPropertiesRebinderAutoConfiguration$$EnhancerBySpringCGLIB$$ffebbd8a] is not eligible for getting processed by all BeanPostProcessors (for example: not eligible for auto-proxying)
2023-02-10 09:07:02.211 [main] INFO  o.s.boot.web.embedded.tomcat.TomcatWebServer - Tomcat initialized with port(s): 9501 (http)
2023-02-10 09:07:02.225 [main] INFO  org.apache.coyote.http11.Http11NioProtocol - Initializing ProtocolHandler ["http-nio-9501"]
2023-02-10 09:07:02.235 [main] INFO  org.apache.catalina.core.StandardService - Starting service [Tomcat]
2023-02-10 09:07:02.235 [main] INFO  org.apache.catalina.core.StandardEngine - Starting Servlet Engine: Apache Tomcat/8.5.34
2023-02-10 09:07:02.248 [localhost-startStop-1] INFO  org.apache.catalina.core.AprLifecycleListener - The APR based Apache Tomcat Native library which allows optimal performance in production environments was not found on the java.library.path: [D:\Program Files\Java\jdk1.8.0_131\bin;C:\WINDOWS\Sun\Java\bin;C:\WINDOWS\system32;C:\WINDOWS;D:\Program Files\Python\Scripts\;D:\Program Files\Python\;C:\Program Files (x86)\Common Files\NetSarang;C:\WINDOWS\system32;C:\WINDOWS;C:\WINDOWS\System32\Wbem;C:\WINDOWS\System32\WindowsPowerShell\v1.0\;C:\WINDOWS\System32\OpenSSH\;D:\Program Files\Git\cmd;D:\Program Files\flutter\bin;D:\Program Files\Java\jdk1.8.0_131\bin;D:\Program Files\kubernetes;C:\ProgramData\chocolatey\bin;C:\minikube;D:\Program Files\apache-maven-3.8.4\bin;D:\Program Files\ArangoDB3-client 3.8.5\usr\bin;D:\Program Files\hugo;C:\Program Files\nodejs\;C:\Program Files\Go\bin;D:\istio-1.16.1\bin;C:\Program Files\Docker\Docker\resources\bin;D:\anaconda3\condabin;D:\anaconda3;D:\anaconda3\Scripts;D:\Ruby30-x64\bin;D:\Program Files\Python\Scripts\;D:\Program Files\Python\;C:\Users\Jeremy Sun\AppData\Local\Microsoft\WindowsApps;C:\Users\Jeremy Sun\AppData\Roaming\npm;C:\Users\Jeremy Sun\go\bin;C:\Users\Jeremy Sun\AppData\Local\Programs\Microsoft VS Code\bin;C:\Users\Jeremy Sun\AppData\Local\GitHubDesktop\bin;;.]
2023-02-10 09:07:02.461 [localhost-startStop-1] INFO  o.a.c.core.ContainerBase.[Tomcat].[localhost].[/] - Initializing Spring embedded WebApplicationContext
2023-02-10 09:07:02.462 [localhost-startStop-1] INFO  org.springframework.web.context.ContextLoader - Root WebApplicationContext: initialization completed in 2305 ms
2023-02-10 09:07:02.474 [localhost-startStop-1] INFO  o.s.c.a.sentinel.SentinelWebAutoConfiguration - [Sentinel Starter] register Sentinel with urlPatterns: [/*].
2023-02-10 09:07:02.568 [localhost-startStop-1] INFO  o.s.boot.web.servlet.FilterRegistrationBean - Mapping filter: 'commonFilter' to urls: [/*]
2023-02-10 09:07:02.568 [localhost-startStop-1] INFO  o.s.boot.web.servlet.FilterRegistrationBean - Mapping filter: 'characterEncodingFilter' to: [/*]
2023-02-10 09:07:02.568 [localhost-startStop-1] INFO  o.s.boot.web.servlet.FilterRegistrationBean - Mapping filter: 'hiddenHttpMethodFilter' to: [/*]
2023-02-10 09:07:02.568 [localhost-startStop-1] INFO  o.s.boot.web.servlet.FilterRegistrationBean - Mapping filter: 'httpPutFormContentFilter' to: [/*]
2023-02-10 09:07:02.568 [localhost-startStop-1] INFO  o.s.boot.web.servlet.FilterRegistrationBean - Mapping filter: 'requestContextFilter' to: [/*]
2023-02-10 09:07:02.568 [localhost-startStop-1] INFO  o.s.boot.web.servlet.ServletRegistrationBean - Servlet dispatcherServlet mapped to [/]
2023-02-10 09:07:02.694 [main] INFO  com.netflix.config.sources.URLConfigurationSource - To enable URLs as dynamic configuration sources, define System property archaius.configurationSource.additionalUrls or make config.properties available on classpath.
2023-02-10 09:07:02.704 [main] INFO  com.netflix.config.sources.URLConfigurationSource - To enable URLs as dynamic configuration sources, define System property archaius.configurationSource.additionalUrls or make config.properties available on classpath.
2023-02-10 09:07:02.889 [main] INFO  o.s.web.servlet.handler.SimpleUrlHandlerMapping - Mapped URL path [/**/favicon.ico] onto handler of type [class org.springframework.web.servlet.resource.ResourceHttpRequestHandler]
2023-02-10 09:07:03.431 [main] INFO  o.s.w.s.m.m.a.RequestMappingHandlerAdapter - Looking for @ControllerAdvice: org.springframework.boot.web.servlet.context.AnnotationConfigServletWebServerApplicationContext@797cf65c: startup date [Fri Feb 10 09:07:00 CST 2023]; parent: org.springframework.context.annotation.AnnotationConfigApplicationContext@3e84448c
2023-02-10 09:07:03.559 [main] INFO  o.s.w.s.m.m.a.RequestMappingHandlerMapping - Mapped "{[/hanlp/occurrence],methods=[POST]}" onto public java.util.Map<java.lang.String, java.lang.Object> org.zxiat.nlprest.controller.HanlpController.occurrence(java.lang.String)
2023-02-10 09:07:03.560 [main] INFO  o.s.w.s.m.m.a.RequestMappingHandlerMapping - Mapped "{[/hanlp/segment],methods=[POST]}" onto public java.util.List<com.hankcs.hanlp.seg.common.Term> org.zxiat.nlprest.controller.HanlpController.segment(java.lang.String)
2023-02-10 09:07:03.560 [main] INFO  o.s.w.s.m.m.a.RequestMappingHandlerMapping - Mapped "{[/hanlp/keyword],methods=[POST]}" onto public java.util.List<java.lang.String> org.zxiat.nlprest.controller.HanlpController.keyword(java.lang.String,java.lang.Integer)
2023-02-10 09:07:03.560 [main] INFO  o.s.w.s.m.m.a.RequestMappingHandlerMapping - Mapped "{[/hanlp/nlpSegment],methods=[POST]}" onto public java.util.List<com.hankcs.hanlp.seg.common.Term> org.zxiat.nlprest.controller.HanlpController.nlpSegment(java.lang.String)
2023-02-10 09:07:03.561 [main] INFO  o.s.w.s.m.m.a.RequestMappingHandlerMapping - Mapped "{[/hanlp/newWordDiscover],methods=[POST]}" onto public java.util.List<com.hankcs.hanlp.mining.word.WordInfo> org.zxiat.nlprest.controller.HanlpController.newWordDiscover(java.lang.String,java.lang.Integer)
2023-02-10 09:07:03.561 [main] INFO  o.s.w.s.m.m.a.RequestMappingHandlerMapping - Mapped "{[/hanlp/basicTokenizer],methods=[POST]}" onto public java.util.List<com.hankcs.hanlp.seg.common.Term> org.zxiat.nlprest.controller.HanlpController.basicTokenizer(java.lang.String)
2023-02-10 09:07:03.561 [main] INFO  o.s.w.s.m.m.a.RequestMappingHandlerMapping - Mapped "{[/hanlp/nShortSegment],methods=[POST]}" onto public java.util.List<com.hankcs.hanlp.seg.common.Term> org.zxiat.nlprest.controller.HanlpController.nShortSegment(java.lang.String)
2023-02-10 09:07:03.561 [main] INFO  o.s.w.s.m.m.a.RequestMappingHandlerMapping - Mapped "{[/hanlp/pinyin],methods=[POST]}" onto public java.util.List<com.hankcs.hanlp.dictionary.py.Pinyin> org.zxiat.nlprest.controller.HanlpController.pinyin(java.lang.String)
2023-02-10 09:07:03.561 [main] INFO  o.s.w.s.m.m.a.RequestMappingHandlerMapping - Mapped "{[/hanlp/placeRecognition],methods=[POST]}" onto public java.util.List<com.hankcs.hanlp.seg.common.Term> org.zxiat.nlprest.controller.HanlpController.placeRecognition(java.lang.String)
2023-02-10 09:07:03.562 [main] INFO  o.s.w.s.m.m.a.RequestMappingHandlerMapping - Mapped "{[/hanlp/rewriteText],methods=[POST]}" onto public java.lang.String org.zxiat.nlprest.controller.HanlpController.rewriteText(java.lang.String)
2023-02-10 09:07:03.562 [main] INFO  o.s.w.s.m.m.a.RequestMappingHandlerMapping - Mapped "{[/hanlp/stopWord],methods=[POST]}" onto public java.util.List<com.hankcs.hanlp.seg.common.Term> org.zxiat.nlprest.controller.HanlpController.stopWord(java.lang.String,java.util.List<java.lang.String>)
2023-02-10 09:07:03.562 [main] INFO  o.s.w.s.m.m.a.RequestMappingHandlerMapping - Mapped "{[/hanlp/phraseExtractor],methods=[POST]}" onto public java.util.List<java.lang.String> org.zxiat.nlprest.controller.HanlpController.phraseExtractor(java.lang.String,java.lang.Integer)
2023-02-10 09:07:03.562 [main] INFO  o.s.w.s.m.m.a.RequestMappingHandlerMapping - Mapped "{[/hanlp/posTagging],methods=[POST]}" onto public java.util.List<com.hankcs.hanlp.seg.common.Term> org.zxiat.nlprest.controller.HanlpController.posTagging(java.lang.String)
2023-02-10 09:07:03.562 [main] INFO  o.s.w.s.m.m.a.RequestMappingHandlerMapping - Mapped "{[/hanlp/indexSegment],methods=[POST]}" onto public java.util.List<com.hankcs.hanlp.seg.common.Term> org.zxiat.nlprest.controller.HanlpController.indexSegment(java.lang.String)
2023-02-10 09:07:03.565 [main] INFO  o.s.w.s.m.m.a.RequestMappingHandlerMapping - Mapped "{[/hanlp/dependencyParser],methods=[POST]}" onto public com.hankcs.hanlp.corpus.dependency.CoNll.CoNLLSentence org.zxiat.nlprest.controller.HanlpController.dependencyParser(java.lang.String)
2023-02-10 09:07:03.566 [main] INFO  o.s.w.s.m.m.a.RequestMappingHandlerMapping - Mapped "{[/hanlp/shortestSegment],methods=[POST]}" onto public java.util.List<com.hankcs.hanlp.seg.common.Term> org.zxiat.nlprest.controller.HanlpController.shortestSegment(java.lang.String)
2023-02-10 09:07:03.567 [main] INFO  o.s.w.s.m.m.a.RequestMappingHandlerMapping - Mapped "{[/hanlp/highSpeedSegment],methods=[POST]}" onto public java.util.List<com.hankcs.hanlp.seg.common.Term> org.zxiat.nlprest.controller.HanlpController.highSpeedSegment(java.lang.String)
2023-02-10 09:07:03.567 [main] INFO  o.s.w.s.m.m.a.RequestMappingHandlerMapping - Mapped "{[/hanlp/summary],methods=[POST]}" onto public java.util.List<java.lang.String> org.zxiat.nlprest.controller.HanlpController.summary(java.lang.String,java.lang.Integer)
2023-02-10 09:07:03.567 [main] INFO  o.s.w.s.m.m.a.RequestMappingHandlerMapping - Mapped "{[/hanlp/suggester],methods=[POST]}" onto public java.util.List<java.lang.String> org.zxiat.nlprest.controller.HanlpController.suggester(java.util.List<java.lang.String>,java.lang.String,java.lang.Integer)
2023-02-10 09:07:03.570 [main] INFO  o.s.w.s.m.m.a.RequestMappingHandlerMapping - Mapped "{[/hanlp/tokenizerConfig],methods=[POST]}" onto public java.util.List<com.hankcs.hanlp.seg.common.Term> org.zxiat.nlprest.controller.HanlpController.tokenizerConfig(java.lang.String)
2023-02-10 09:07:03.570 [main] INFO  o.s.w.s.m.m.a.RequestMappingHandlerMapping - Mapped "{[/hanlp/urlRecognition],methods=[POST]}" onto public java.util.List<com.hankcs.hanlp.seg.common.Term> org.zxiat.nlprest.controller.HanlpController.urlRecognition(java.lang.String)
2023-02-10 09:07:03.571 [main] INFO  o.s.w.s.m.m.a.RequestMappingHandlerMapping - Mapped "{[/hanlp/wordDistance],methods=[POST]}" onto public java.lang.Long org.zxiat.nlprest.controller.HanlpController.wordDistance(java.lang.String,java.lang.String)
2023-02-10 09:07:03.571 [main] INFO  o.s.w.s.m.m.a.RequestMappingHandlerMapping - Mapped "{[/hanlp/wordSimilarity],methods=[POST]}" onto public java.lang.Double org.zxiat.nlprest.controller.HanlpController.wordSimilarity(java.lang.String,java.lang.String)
2023-02-10 09:07:03.571 [main] INFO  o.s.w.s.m.m.a.RequestMappingHandlerMapping - Mapped "{[/hanlp/notionalTokenizer],methods=[POST]}" onto public java.util.List<java.util.List<com.hankcs.hanlp.seg.common.Term>> org.zxiat.nlprest.controller.HanlpController.notionalTokenizer(java.lang.String)
2023-02-10 09:07:03.572 [main] INFO  o.s.w.s.m.m.a.RequestMappingHandlerMapping - Mapped "{[/hanlp/numberAndQuantifierRecognition],methods=[POST]}" onto public java.util.List<com.hankcs.hanlp.seg.common.Term> org.zxiat.nlprest.controller.HanlpController.numberAndQuantifierRecognition(java.lang.String)
2023-02-10 09:07:03.572 [main] INFO  o.s.w.s.m.m.a.RequestMappingHandlerMapping - Mapped "{[/hanlp/crfLexicalAnalyzer],methods=[POST]}" onto public com.hankcs.hanlp.corpus.document.sentence.Sentence org.zxiat.nlprest.controller.HanlpController.crfLexicalAnalyzer(java.lang.String)
2023-02-10 09:07:03.572 [main] INFO  o.s.w.s.m.m.a.RequestMappingHandlerMapping - Mapped "{[/hanlp/chineseNameRecognition],methods=[POST]}" onto public java.util.List<com.hankcs.hanlp.seg.common.Term> org.zxiat.nlprest.controller.HanlpController.chineseNameRecognition(java.lang.String)
2023-02-10 09:07:03.572 [main] INFO  o.s.w.s.m.m.a.RequestMappingHandlerMapping - Mapped "{[/hanlp/organizationRecognition],methods=[POST]}" onto public java.util.List<com.hankcs.hanlp.seg.common.Term> org.zxiat.nlprest.controller.HanlpController.organizationRecognition(java.lang.String)
2023-02-10 09:07:03.572 [main] INFO  o.s.w.s.m.m.a.RequestMappingHandlerMapping - Mapped "{[/hanlp/japaneseNameRecognition],methods=[POST]}" onto public java.util.List<com.hankcs.hanlp.seg.common.Term> org.zxiat.nlprest.controller.HanlpController.japaneseNameRecognition(java.lang.String)
2023-02-10 09:07:03.572 [main] INFO  o.s.w.s.m.m.a.RequestMappingHandlerMapping - Mapped "{[/hanlp/convertToTraditionalChinese],methods=[POST]}" onto public java.lang.String org.zxiat.nlprest.controller.HanlpController.convertToTraditionalChinese(java.lang.String)
2023-02-10 09:07:03.574 [main] INFO  o.s.w.s.m.m.a.RequestMappingHandlerMapping - Mapped "{[/hanlp/multithreadingSegment],methods=[POST]}" onto public java.util.List<com.hankcs.hanlp.seg.common.Term> org.zxiat.nlprest.controller.HanlpController.multithreadingSegment(java.lang.String)
2023-02-10 09:07:03.574 [main] INFO  o.s.w.s.m.m.a.RequestMappingHandlerMapping - Mapped "{[/hanlp/traditionalChineseSegment],methods=[POST]}" onto public java.util.List<com.hankcs.hanlp.seg.common.Term> org.zxiat.nlprest.controller.HanlpController.traditionalChineseSegment(java.lang.String)
2023-02-10 09:07:03.574 [main] INFO  o.s.w.s.m.m.a.RequestMappingHandlerMapping - Mapped "{[/hanlp/convertToSimplifiedChinese],methods=[POST]}" onto public java.lang.String org.zxiat.nlprest.controller.HanlpController.convertToSimplifiedChinese(java.lang.String)
2023-02-10 09:07:03.575 [main] INFO  o.s.w.s.m.m.a.RequestMappingHandlerMapping - Mapped "{[/hanlp/translatedNameRecognition],methods=[POST]}" onto public java.util.List<com.hankcs.hanlp.seg.common.Term> org.zxiat.nlprest.controller.HanlpController.translatedNameRecognition(java.lang.String)
2023-02-10 09:07:03.577 [main] INFO  o.s.w.s.m.m.a.RequestMappingHandlerMapping - Mapped "{[/error]}" onto public org.springframework.http.ResponseEntity<java.util.Map<java.lang.String, java.lang.Object>> org.springframework.boot.autoconfigure.web.servlet.error.BasicErrorController.error(javax.servlet.http.HttpServletRequest)
2023-02-10 09:07:03.577 [main] INFO  o.s.w.s.m.m.a.RequestMappingHandlerMapping - Mapped "{[/error],produces=[text/html]}" onto public org.springframework.web.servlet.ModelAndView org.springframework.boot.autoconfigure.web.servlet.error.BasicErrorController.errorHtml(javax.servlet.http.HttpServletRequest,javax.servlet.http.HttpServletResponse)
2023-02-10 09:07:03.629 [main] INFO  o.s.web.servlet.handler.SimpleUrlHandlerMapping - Mapped URL path [/webjars/**] onto handler of type [class org.springframework.web.servlet.resource.ResourceHttpRequestHandler]
2023-02-10 09:07:03.629 [main] INFO  o.s.web.servlet.handler.SimpleUrlHandlerMapping - Mapped URL path [/**] onto handler of type [class org.springframework.web.servlet.resource.ResourceHttpRequestHandler]
2023-02-10 09:07:04.902 [main] INFO  o.s.scheduling.concurrent.ThreadPoolTaskScheduler - Initializing ExecutorService 
2023-02-10 09:07:05.669 [main] INFO  o.s.jmx.export.annotation.AnnotationMBeanExporter - Registering beans for JMX exposure on startup
2023-02-10 09:07:05.679 [main] INFO  o.s.jmx.export.annotation.AnnotationMBeanExporter - Bean with name 'refreshScope' has been autodetected for JMX exposure
2023-02-10 09:07:05.679 [main] INFO  o.s.jmx.export.annotation.AnnotationMBeanExporter - Bean with name 'configurationPropertiesRebinder' has been autodetected for JMX exposure
2023-02-10 09:07:05.679 [main] INFO  o.s.jmx.export.annotation.AnnotationMBeanExporter - Bean with name 'environmentManager' has been autodetected for JMX exposure
2023-02-10 09:07:05.679 [main] INFO  o.s.jmx.export.annotation.AnnotationMBeanExporter - Located managed bean 'environmentManager': registering with JMX server as MBean [org.springframework.cloud.context.environment:name=environmentManager,type=EnvironmentManager]
2023-02-10 09:07:05.699 [main] INFO  o.s.jmx.export.annotation.AnnotationMBeanExporter - Located managed bean 'refreshScope': registering with JMX server as MBean [org.springframework.cloud.context.scope.refresh:name=refreshScope,type=RefreshScope]
2023-02-10 09:07:05.709 [main] INFO  o.s.jmx.export.annotation.AnnotationMBeanExporter - Located managed bean 'configurationPropertiesRebinder': registering with JMX server as MBean [org.springframework.cloud.context.properties:name=configurationPropertiesRebinder,context=797cf65c,type=ConfigurationPropertiesRebinder]
2023-02-10 09:07:05.719 [main] INFO  o.s.context.support.DefaultLifecycleProcessor - Starting beans in phase 0
2023-02-10 09:07:05.729 [main] INFO  org.apache.coyote.http11.Http11NioProtocol - Starting ProtocolHandler ["http-nio-9501"]
2023-02-10 09:07:05.747 [main] INFO  org.apache.tomcat.util.net.NioSelectorPool - Using a shared selector for servlet write/read
2023-02-10 09:07:05.780 [main] INFO  o.s.boot.web.embedded.tomcat.TomcatWebServer - Tomcat started on port(s): 9501 (http) with context path ''
2023-02-10 09:07:05.891 [main] INFO  o.s.c.alibaba.nacos.registry.NacosServiceRegistry - nacos registry, nlp-rest 192.168.40.142:9501 register finished
2023-02-10 09:07:05.898 [main] INFO  org.zxiat.nlprest.NLPRestApplication - Started NLPRestApplication in 9.455 seconds (JVM running for 10.607)
2023-02-10 09:07:05.900 [main] INFO  com.alibaba.nacos.client.config.impl.ClientWorker - [fixed-192.168.101.95_8848-0295579b-f573-4712-900c-91a1cbc66f46] [subscribe] nlp-rest.yaml+DEFAULT_GROUP+0295579b-f573-4712-900c-91a1cbc66f46
2023-02-10 09:07:05.900 [main] INFO  com.alibaba.nacos.client.config.impl.CacheData - [fixed-192.168.101.95_8848-0295579b-f573-4712-900c-91a1cbc66f46] [add-listener] ok, tenant=0295579b-f573-4712-900c-91a1cbc66f46, dataId=nlp-rest.yaml, group=DEFAULT_GROUP, cnt=1
2023-02-10 09:07:06.677 [com.alibaba.nacos.client.Worker.longPollingfixed-192.168.101.95_8848-0295579b-f573-4712-900c-91a1cbc66f46] INFO  o.s.c.a.AnnotationConfigApplicationContext - Refreshing org.springframework.context.annotation.AnnotationConfigApplicationContext@28712c74: startup date [Fri Feb 10 09:07:06 CST 2023]; root of context hierarchy
2023-02-10 09:07:06.777 [com.alibaba.nacos.client.Worker.longPollingfixed-192.168.101.95_8848-0295579b-f573-4712-900c-91a1cbc66f46] INFO  o.s.b.f.a.AutowiredAnnotationBeanPostProcessor - JSR-330 'javax.inject.Inject' annotation found and supported for autowiring
2023-02-10 09:07:06.800 [com.alibaba.nacos.client.Worker.longPollingfixed-192.168.101.95_8848-0295579b-f573-4712-900c-91a1cbc66f46] INFO  o.s.c.s.PostProcessorRegistrationDelegate$BeanPostProcessorChecker - Bean 'configurationPropertiesRebinderAutoConfiguration' of type [org.springframework.cloud.autoconfigure.ConfigurationPropertiesRebinderAutoConfiguration$$EnhancerBySpringCGLIB$$ffebbd8a] is not eligible for getting processed by all BeanPostProcessors (for example: not eligible for auto-proxying)
2023-02-10 09:07:07.716 [com.alibaba.nacos.client.Worker.longPollingfixed-192.168.101.95_8848-0295579b-f573-4712-900c-91a1cbc66f46] INFO  o.s.c.a.nacos.client.NacosPropertySourceBuilder - Loading nacos data, dataId: 'nlp-rest.yaml', group: 'DEFAULT_GROUP'
2023-02-10 09:07:07.717 [com.alibaba.nacos.client.Worker.longPollingfixed-192.168.101.95_8848-0295579b-f573-4712-900c-91a1cbc66f46] INFO  o.s.c.b.c.PropertySourceBootstrapConfiguration - Located property source: CompositePropertySource {name='NACOS', propertySources=[NacosPropertySource {name='nlp-rest.yaml'}]}
2023-02-10 09:07:07.763 [com.alibaba.nacos.client.Worker.longPollingfixed-192.168.101.95_8848-0295579b-f573-4712-900c-91a1cbc66f46] INFO  org.springframework.boot.SpringApplication - No active profile set, falling back to default profiles: default
2023-02-10 09:07:07.764 [com.alibaba.nacos.client.Worker.longPollingfixed-192.168.101.95_8848-0295579b-f573-4712-900c-91a1cbc66f46] INFO  o.s.c.a.AnnotationConfigApplicationContext - Refreshing org.springframework.context.annotation.AnnotationConfigApplicationContext@2ce335b: startup date [Fri Feb 10 09:07:07 CST 2023]; parent: org.springframework.context.annotation.AnnotationConfigApplicationContext@28712c74
2023-02-10 09:07:07.771 [com.alibaba.nacos.client.Worker.longPollingfixed-192.168.101.95_8848-0295579b-f573-4712-900c-91a1cbc66f46] INFO  o.s.b.f.a.AutowiredAnnotationBeanPostProcessor - JSR-330 'javax.inject.Inject' annotation found and supported for autowiring
2023-02-10 09:07:07.801 [com.alibaba.nacos.client.Worker.longPollingfixed-192.168.101.95_8848-0295579b-f573-4712-900c-91a1cbc66f46] INFO  org.springframework.boot.SpringApplication - Started application in 1.789 seconds (JVM running for 12.509)
2023-02-10 09:07:07.801 [com.alibaba.nacos.client.Worker.longPollingfixed-192.168.101.95_8848-0295579b-f573-4712-900c-91a1cbc66f46] INFO  o.s.c.a.AnnotationConfigApplicationContext - Closing org.springframework.context.annotation.AnnotationConfigApplicationContext@2ce335b: startup date [Fri Feb 10 09:07:07 CST 2023]; parent: org.springframework.context.annotation.AnnotationConfigApplicationContext@28712c74
2023-02-10 09:07:07.804 [com.alibaba.nacos.client.Worker.longPollingfixed-192.168.101.95_8848-0295579b-f573-4712-900c-91a1cbc66f46] INFO  o.s.c.a.AnnotationConfigApplicationContext - Closing org.springframework.context.annotation.AnnotationConfigApplicationContext@28712c74: startup date [Fri Feb 10 09:07:06 CST 2023]; root of context hierarchy
2023-02-10 09:07:07.829 [com.alibaba.nacos.client.Worker.longPollingfixed-192.168.101.95_8848-0295579b-f573-4712-900c-91a1cbc66f46] INFO  o.s.cloud.endpoint.event.RefreshEventListener - Refresh keys changed: []
2023-02-10 09:07:07.829 [com.alibaba.nacos.client.Worker.longPollingfixed-192.168.101.95_8848-0295579b-f573-4712-900c-91a1cbc66f46] INFO  com.alibaba.nacos.client.config.impl.CacheData - [fixed-192.168.101.95_8848-0295579b-f573-4712-900c-91a1cbc66f46] [notify-ok] dataId=nlp-rest.yaml, group=DEFAULT_GROUP, md5=66517d317fdc9558117e5e684e5b6a96, listener=org.springframework.cloud.alibaba.nacos.refresh.NacosContextRefresher$1@6e5fb251 
2023-02-10 09:07:07.829 [com.alibaba.nacos.client.Worker.longPollingfixed-192.168.101.95_8848-0295579b-f573-4712-900c-91a1cbc66f46] INFO  com.alibaba.nacos.client.config.impl.CacheData - [fixed-192.168.101.95_8848-0295579b-f573-4712-900c-91a1cbc66f46] [notify-listener] time cost=1821ms in ClientWorker, dataId=nlp-rest.yaml, group=DEFAULT_GROUP, md5=66517d317fdc9558117e5e684e5b6a96, listener=org.springframework.cloud.alibaba.nacos.refresh.NacosContextRefresher$1@6e5fb251 
2023-02-10 09:09:02.616 [http-nio-9501-exec-10] INFO  o.a.c.core.ContainerBase.[Tomcat].[localhost].[/] - Initializing Spring FrameworkServlet 'dispatcherServlet'
2023-02-10 09:09:02.616 [http-nio-9501-exec-10] INFO  org.springframework.web.servlet.DispatcherServlet - FrameworkServlet 'dispatcherServlet': initialization started
2023-02-10 09:09:02.641 [http-nio-9501-exec-10] INFO  org.springframework.web.servlet.DispatcherServlet - FrameworkServlet 'dispatcherServlet': initialization completed in 25 ms
